This file contains any messages produced by compilers while
running configure, to aid debugging if configure makes a mistake.

configure:555: checking host system type
configure:577: checking host specific optimization flag
configure:593: checking for gcc
configure:706: checking whether the C compiler (gcc -O6 -fomit-frame-pointer ) works
configure:722: gcc -o conftest -O6 -fomit-frame-pointer   conftest.c  1>&5
configure:748: checking whether the C compiler (gcc -O6 -fomit-frame-pointer ) is a cross-compiler
configure:753: checking whether we are using GNU C
configure:762: gcc -E conftest.c
configure:781: checking whether gcc accepts -g
configure:813: checking how to run the C preprocessor
configure:834: gcc -E  conftest.c >/dev/null 2>conftest.out
configure:904: checking for a BSD compatible install
configure:959: checking for rm
configure:992: checking for Cygwin environment
configure:1008: gcc -c -O6 -fomit-frame-pointer  conftest.c 1>&5
configure: In function 'main':
configure:1004: error: '__CYGWIN32__' undeclared (first use in this function)
configure:1004: error: (Each undeclared identifier is reported only once
configure:1004: error: for each function it appears in.)
configure: failed program was:
#line 997 "configure"
#include "confdefs.h"

int main() {

#ifndef __CYGWIN__
#define __CYGWIN__ __CYGWIN32__
#endif
return __CYGWIN__;
; return 0; }
configure:1025: checking for mingw32 environment
configure:1037: gcc -c -O6 -fomit-frame-pointer  conftest.c 1>&5
configure: In function 'main':
configure:1033: error: '__MINGW32__' undeclared (first use in this function)
configure:1033: error: (Each undeclared identifier is reported only once
configure:1033: error: for each function it appears in.)
configure: failed program was:
#line 1030 "configure"
#include "confdefs.h"

int main() {
return __MINGW32__;
; return 0; }
configure:1056: checking for executable suffix
configure:1066: gcc -o conftest -O6 -fomit-frame-pointer   conftest.c  1>&5
